c:\users\the_old_dog\documents\repos\network\netgame\pong-master\pong\pong\debug\vc141.pdb
c:\users\the_old_dog\documents\repos\network\netgame\pong-master\pong\pong\debug\vc141.idb
c:\users\the_old_dog\documents\repos\network\netgame\pong-master\pong\pong\debug\paddle.obj
c:\users\the_old_dog\documents\repos\network\netgame\pong-master\pong\pong\debug\main.obj
c:\users\the_old_dog\documents\repos\network\netgame\pong-master\pong\pong\debug\game.obj
c:\users\the_old_dog\documents\repos\network\netgame\pong-master\pong\debug\pong.exe
c:\users\the_old_dog\documents\repos\network\netgame\pong-master\pong\debug\pong.ilk
c:\users\the_old_dog\documents\repos\network\netgame\pong-master\pong\debug\pong.pdb
c:\users\the_old_dog\documents\repos\network\netgame\pong-master\pong\debug\pong.lib
c:\users\the_old_dog\documents\repos\network\netgame\pong-master\pong\debug\pong.exp
c:\users\henrileh\documents\github\netgame\pong-master\pong\pong\debug\game.obj
c:\users\henrileh\documents\github\netgame\pong-master\pong\pong\debug\main.obj
c:\users\henrileh\documents\github\netgame\pong-master\pong\pong\debug\paddle.obj
c:\users\henrileh\documents\github\netgame\pong-master\pong\pong\debug\vc141.idb
c:\users\henrileh\documents\github\netgame\pong-master\pong\pong\debug\vc141.pdb
c:\users\henrileh\documents\github\netgame\pong-master\pong\debug\pong.pdb
c:\users\henrileh\documents\github\netgame\pong-master\pong\debug\pong.exe
c:\users\henrileh\documents\github\netgame\pong-master\pong\debug\pong.ilk
c:\users\henrileh\documents\github\netgame\pong-master\pong\pong\debug\pong.tlog\cl.command.1.tlog
c:\users\henrileh\documents\github\netgame\pong-master\pong\pong\debug\pong.tlog\cl.read.1.tlog
c:\users\henrileh\documents\github\netgame\pong-master\pong\pong\debug\pong.tlog\cl.write.1.tlog
c:\users\henrileh\documents\github\netgame\pong-master\pong\pong\debug\pong.tlog\link.command.1.tlog
c:\users\henrileh\documents\github\netgame\pong-master\pong\pong\debug\pong.tlog\link.read.1.tlog
c:\users\henrileh\documents\github\netgame\pong-master\pong\pong\debug\pong.tlog\link.write.1.tlog
c:\users\henrileh\documents\github\netgame\pong-master\pong\pong\debug\pong.tlog\pong.write.1u.tlog
